<?xml version="1.0" encoding="UTF-8"?>
<!-- Generated by org.testng.reporters.JUnitReportReporter -->
<testsuite hostname="DESKTOP-1NKAAU0" failures="0" tests="5" name="UI.ExampleTestNG" time="0.019" errors="5" timestamp="2023-03-29T23:21:18 ICT" skipped="0">
  <testcase classname="UI.ExampleTestNG" name="testDoiMatKhauSuccessfully" time="0.013">
    <error message="Unresolved compilation problems: 
	The field DoiMatKhauJDialog.txtMaNV is not visible
	The field DoiMatKhauJDialog.txtMatKhau is not visible
	The field DoiMatKhauJDialog.txtMatKhauMoi is not visible
	The field DoiMatKhauJDialog.txtMatKhauMoi2 is not visible
	The method doiMatkhau() from the type DoiMatKhauJDialog is not visible
	MsgBox cannot be resolved
	DoiMatKhauJDialog cannot be resolved to a variable
" type="java.lang.Error">
      <![CDATA[java.lang.Error: Unresolved compilation problems: 
The field DoiMatKhauJDialog.txtMaNV is not visible
The field DoiMatKhauJDialog.txtMatKhau is not visible
The field DoiMatKhauJDialog.txtMatKhauMoi is not visible
The field DoiMatKhauJDialog.txtMatKhauMoi2 is not visible
The method doiMatkhau() from the type DoiMatKhauJDialog is not visible
MsgBox cannot be resolved
DoiMatKhauJDialog cannot be resolved to a variable

at UI.ExampleTestNG.testDoiMatKhauSuccessfully(ExampleTestNG.java:59)
at java.base/jdk.internal.reflect.NativeMethodAccessorImpl.invoke0(Native Method)
at java.base/jdk.internal.reflect.NativeMethodAccessorImpl.invoke(NativeMethodAccessorImpl.java:77)
at java.base/jdk.internal.reflect.DelegatingMethodAccessorImpl.invoke(DelegatingMethodAccessorImpl.java:43)
at java.base/java.lang.reflect.Method.invoke(Method.java:568)
at org.testng.internal.invokers.MethodInvocationHelper.invokeMethod(MethodInvocationHelper.java:139)
at org.testng.internal.invokers.TestInvoker.invokeMethod(TestInvoker.java:677)
at org.testng.internal.invokers.TestInvoker.invokeTestMethod(TestInvoker.java:221)
at org.testng.internal.invokers.MethodRunner.runInSequence(MethodRunner.java:50)
at org.testng.internal.invokers.TestInvoker$MethodInvocationAgent.invoke(TestInvoker.java:962)
at org.testng.internal.invokers.TestInvoker.invokeTestMethods(TestInvoker.java:194)
at org.testng.internal.invokers.TestMethodWorker.invokeTestMethods(TestMethodWorker.java:148)
at org.testng.internal.invokers.TestMethodWorker.run(TestMethodWorker.java:128)
at java.base/java.util.ArrayList.forEach(ArrayList.java:1511)
at org.testng.TestRunner.privateRun(TestRunner.java:806)
at org.testng.TestRunner.run(TestRunner.java:601)
at org.testng.SuiteRunner.runTest(SuiteRunner.java:433)
at org.testng.SuiteRunner.runSequentially(SuiteRunner.java:427)
at org.testng.SuiteRunner.privateRun(SuiteRunner.java:387)
at org.testng.SuiteRunner.run(SuiteRunner.java:330)
at org.testng.SuiteRunnerWorker.runSuite(SuiteRunnerWorker.java:52)
at org.testng.SuiteRunnerWorker.run(SuiteRunnerWorker.java:95)
at org.testng.TestNG.runSuitesSequentially(TestNG.java:1256)
at org.testng.TestNG.runSuitesLocally(TestNG.java:1176)
at org.testng.TestNG.runSuites(TestNG.java:1099)
at org.testng.TestNG.run(TestNG.java:1067)
at org.testng.remote.AbstractRemoteTestNG.run(AbstractRemoteTestNG.java:115)
at org.testng.remote.RemoteTestNG.initAndRun(RemoteTestNG.java:251)
at org.testng.remote.RemoteTestNG.main(RemoteTestNG.java:77)
]]>
    </error>
  </testcase> <!-- testDoiMatKhauSuccessfully -->
  <system-out/>
  <testcase classname="UI.ExampleTestNG" name="testDoiMatKhauWithBlankMaNV" time="0.001">
    <error message="Unresolved compilation problems: 
	The field DoiMatKhauJDialog.txtMaNV is not visible
	The field DoiMatKhauJDialog.txtMatKhau is not visible
	The field DoiMatKhauJDialog.txtMatKhauMoi is not visible
	The field DoiMatKhauJDialog.txtMatKhauMoi2 is not visible
	The method doiMatkhau() from the type DoiMatKhauJDialog is not visible
	MsgBox cannot be resolved
	DoiMatKhauJDialog cannot be resolved to a variable
" type="java.lang.Error">
      <![CDATA[java.lang.Error: Unresolved compilation problems: 
The field DoiMatKhauJDialog.txtMaNV is not visible
The field DoiMatKhauJDialog.txtMatKhau is not visible
The field DoiMatKhauJDialog.txtMatKhauMoi is not visible
The field DoiMatKhauJDialog.txtMatKhauMoi2 is not visible
The method doiMatkhau() from the type DoiMatKhauJDialog is not visible
MsgBox cannot be resolved
DoiMatKhauJDialog cannot be resolved to a variable

at UI.ExampleTestNG.testDoiMatKhauWithBlankMaNV(ExampleTestNG.java:11)
at java.base/jdk.internal.reflect.NativeMethodAccessorImpl.invoke0(Native Method)
at java.base/jdk.internal.reflect.NativeMethodAccessorImpl.invoke(NativeMethodAccessorImpl.java:77)
at java.base/jdk.internal.reflect.DelegatingMethodAccessorImpl.invoke(DelegatingMethodAccessorImpl.java:43)
at java.base/java.lang.reflect.Method.invoke(Method.java:568)
at org.testng.internal.invokers.MethodInvocationHelper.invokeMethod(MethodInvocationHelper.java:139)
at org.testng.internal.invokers.TestInvoker.invokeMethod(TestInvoker.java:677)
at org.testng.internal.invokers.TestInvoker.invokeTestMethod(TestInvoker.java:221)
at org.testng.internal.invokers.MethodRunner.runInSequence(MethodRunner.java:50)
at org.testng.internal.invokers.TestInvoker$MethodInvocationAgent.invoke(TestInvoker.java:962)
at org.testng.internal.invokers.TestInvoker.invokeTestMethods(TestInvoker.java:194)
at org.testng.internal.invokers.TestMethodWorker.invokeTestMethods(TestMethodWorker.java:148)
at org.testng.internal.invokers.TestMethodWorker.run(TestMethodWorker.java:128)
at java.base/java.util.ArrayList.forEach(ArrayList.java:1511)
at org.testng.TestRunner.privateRun(TestRunner.java:806)
at org.testng.TestRunner.run(TestRunner.java:601)
at org.testng.SuiteRunner.runTest(SuiteRunner.java:433)
at org.testng.SuiteRunner.runSequentially(SuiteRunner.java:427)
at org.testng.SuiteRunner.privateRun(SuiteRunner.java:387)
at org.testng.SuiteRunner.run(SuiteRunner.java:330)
at org.testng.SuiteRunnerWorker.runSuite(SuiteRunnerWorker.java:52)
at org.testng.SuiteRunnerWorker.run(SuiteRunnerWorker.java:95)
at org.testng.TestNG.runSuitesSequentially(TestNG.java:1256)
at org.testng.TestNG.runSuitesLocally(TestNG.java:1176)
at org.testng.TestNG.runSuites(TestNG.java:1099)
at org.testng.TestNG.run(TestNG.java:1067)
at org.testng.remote.AbstractRemoteTestNG.run(AbstractRemoteTestNG.java:115)
at org.testng.remote.RemoteTestNG.initAndRun(RemoteTestNG.java:251)
at org.testng.remote.RemoteTestNG.main(RemoteTestNG.java:77)
]]>
    </error>
  </testcase> <!-- testDoiMatKhauWithBlankMaNV -->
  <system-out/>
  <testcase classname="UI.ExampleTestNG" name="testDoiMatKhauWithMismatchedConfirmation" time="0.001">
    <error message="Unresolved compilation problems: 
	The field DoiMatKhauJDialog.txtMaNV is not visible
	The field DoiMatKhauJDialog.txtMatKhau is not visible
	The field DoiMatKhauJDialog.txtMatKhauMoi is not visible
	The field DoiMatKhauJDialog.txtMatKhauMoi2 is not visible
	The method doiMatkhau() from the type DoiMatKhauJDialog is not visible
	MsgBox cannot be resolved
	DoiMatKhauJDialog cannot be resolved to a variable
" type="java.lang.Error">
      <![CDATA[java.lang.Error: Unresolved compilation problems: 
The field DoiMatKhauJDialog.txtMaNV is not visible
The field DoiMatKhauJDialog.txtMatKhau is not visible
The field DoiMatKhauJDialog.txtMatKhauMoi is not visible
The field DoiMatKhauJDialog.txtMatKhauMoi2 is not visible
The method doiMatkhau() from the type DoiMatKhauJDialog is not visible
MsgBox cannot be resolved
DoiMatKhauJDialog cannot be resolved to a variable

at UI.ExampleTestNG.testDoiMatKhauWithMismatchedConfirmation(ExampleTestNG.java:47)
at java.base/jdk.internal.reflect.NativeMethodAccessorImpl.invoke0(Native Method)
at java.base/jdk.internal.reflect.NativeMethodAccessorImpl.invoke(NativeMethodAccessorImpl.java:77)
at java.base/jdk.internal.reflect.DelegatingMethodAccessorImpl.invoke(DelegatingMethodAccessorImpl.java:43)
at java.base/java.lang.reflect.Method.invoke(Method.java:568)
at org.testng.internal.invokers.MethodInvocationHelper.invokeMethod(MethodInvocationHelper.java:139)
at org.testng.internal.invokers.TestInvoker.invokeMethod(TestInvoker.java:677)
at org.testng.internal.invokers.TestInvoker.invokeTestMethod(TestInvoker.java:221)
at org.testng.internal.invokers.MethodRunner.runInSequence(MethodRunner.java:50)
at org.testng.internal.invokers.TestInvoker$MethodInvocationAgent.invoke(TestInvoker.java:962)
at org.testng.internal.invokers.TestInvoker.invokeTestMethods(TestInvoker.java:194)
at org.testng.internal.invokers.TestMethodWorker.invokeTestMethods(TestMethodWorker.java:148)
at org.testng.internal.invokers.TestMethodWorker.run(TestMethodWorker.java:128)
at java.base/java.util.ArrayList.forEach(ArrayList.java:1511)
at org.testng.TestRunner.privateRun(TestRunner.java:806)
at org.testng.TestRunner.run(TestRunner.java:601)
at org.testng.SuiteRunner.runTest(SuiteRunner.java:433)
at org.testng.SuiteRunner.runSequentially(SuiteRunner.java:427)
at org.testng.SuiteRunner.privateRun(SuiteRunner.java:387)
at org.testng.SuiteRunner.run(SuiteRunner.java:330)
at org.testng.SuiteRunnerWorker.runSuite(SuiteRunnerWorker.java:52)
at org.testng.SuiteRunnerWorker.run(SuiteRunnerWorker.java:95)
at org.testng.TestNG.runSuitesSequentially(TestNG.java:1256)
at org.testng.TestNG.runSuitesLocally(TestNG.java:1176)
at org.testng.TestNG.runSuites(TestNG.java:1099)
at org.testng.TestNG.run(TestNG.java:1067)
at org.testng.remote.AbstractRemoteTestNG.run(AbstractRemoteTestNG.java:115)
at org.testng.remote.RemoteTestNG.initAndRun(RemoteTestNG.java:251)
at org.testng.remote.RemoteTestNG.main(RemoteTestNG.java:77)
]]>
    </error>
  </testcase> <!-- testDoiMatKhauWithMismatchedConfirmation -->
  <system-out/>
  <testcase classname="UI.ExampleTestNG" name="testDoiMatKhauWithIncorrectMaNV" time="0.001">
    <error message="Unresolved compilation problems: 
	The field DoiMatKhauJDialog.txtMaNV is not visible
	The field DoiMatKhauJDialog.txtMatKhau is not visible
	The field DoiMatKhauJDialog.txtMatKhauMoi is not visible
	The field DoiMatKhauJDialog.txtMatKhauMoi2 is not visible
	The method doiMatkhau() from the type DoiMatKhauJDialog is not visible
	MsgBox cannot be resolved
	DoiMatKhauJDialog cannot be resolved to a variable
" type="java.lang.Error">
      <![CDATA[java.lang.Error: Unresolved compilation problems: 
The field DoiMatKhauJDialog.txtMaNV is not visible
The field DoiMatKhauJDialog.txtMatKhau is not visible
The field DoiMatKhauJDialog.txtMatKhauMoi is not visible
The field DoiMatKhauJDialog.txtMatKhauMoi2 is not visible
The method doiMatkhau() from the type DoiMatKhauJDialog is not visible
MsgBox cannot be resolved
DoiMatKhauJDialog cannot be resolved to a variable

at UI.ExampleTestNG.testDoiMatKhauWithIncorrectMaNV(ExampleTestNG.java:23)
at java.base/jdk.internal.reflect.NativeMethodAccessorImpl.invoke0(Native Method)
at java.base/jdk.internal.reflect.NativeMethodAccessorImpl.invoke(NativeMethodAccessorImpl.java:77)
at java.base/jdk.internal.reflect.DelegatingMethodAccessorImpl.invoke(DelegatingMethodAccessorImpl.java:43)
at java.base/java.lang.reflect.Method.invoke(Method.java:568)
at org.testng.internal.invokers.MethodInvocationHelper.invokeMethod(MethodInvocationHelper.java:139)
at org.testng.internal.invokers.TestInvoker.invokeMethod(TestInvoker.java:677)
at org.testng.internal.invokers.TestInvoker.invokeTestMethod(TestInvoker.java:221)
at org.testng.internal.invokers.MethodRunner.runInSequence(MethodRunner.java:50)
at org.testng.internal.invokers.TestInvoker$MethodInvocationAgent.invoke(TestInvoker.java:962)
at org.testng.internal.invokers.TestInvoker.invokeTestMethods(TestInvoker.java:194)
at org.testng.internal.invokers.TestMethodWorker.invokeTestMethods(TestMethodWorker.java:148)
at org.testng.internal.invokers.TestMethodWorker.run(TestMethodWorker.java:128)
at java.base/java.util.ArrayList.forEach(ArrayList.java:1511)
at org.testng.TestRunner.privateRun(TestRunner.java:806)
at org.testng.TestRunner.run(TestRunner.java:601)
at org.testng.SuiteRunner.runTest(SuiteRunner.java:433)
at org.testng.SuiteRunner.runSequentially(SuiteRunner.java:427)
at org.testng.SuiteRunner.privateRun(SuiteRunner.java:387)
at org.testng.SuiteRunner.run(SuiteRunner.java:330)
at org.testng.SuiteRunnerWorker.runSuite(SuiteRunnerWorker.java:52)
at org.testng.SuiteRunnerWorker.run(SuiteRunnerWorker.java:95)
at org.testng.TestNG.runSuitesSequentially(TestNG.java:1256)
at org.testng.TestNG.runSuitesLocally(TestNG.java:1176)
at org.testng.TestNG.runSuites(TestNG.java:1099)
at org.testng.TestNG.run(TestNG.java:1067)
at org.testng.remote.AbstractRemoteTestNG.run(AbstractRemoteTestNG.java:115)
at org.testng.remote.RemoteTestNG.initAndRun(RemoteTestNG.java:251)
at org.testng.remote.RemoteTestNG.main(RemoteTestNG.java:77)
]]>
    </error>
  </testcase> <!-- testDoiMatKhauWithIncorrectMaNV -->
  <system-out/>
  <testcase classname="UI.ExampleTestNG" name="testDoiMatKhauWithIncorrectOldPassword" time="0.003">
    <error message="Unresolved compilation problems: 
	The field DoiMatKhauJDialog.txtMaNV is not visible
	The field DoiMatKhauJDialog.txtMatKhau is not visible
	The field DoiMatKhauJDialog.txtMatKhauMoi is not visible
	The field DoiMatKhauJDialog.txtMatKhauMoi2 is not visible
	The method doiMatkhau() from the type DoiMatKhauJDialog is not visible
	MsgBox cannot be resolved
	DoiMatKhauJDialog cannot be resolved to a variable
" type="java.lang.Error">
      <![CDATA[java.lang.Error: Unresolved compilation problems: 
The field DoiMatKhauJDialog.txtMaNV is not visible
The field DoiMatKhauJDialog.txtMatKhau is not visible
The field DoiMatKhauJDialog.txtMatKhauMoi is not visible
The field DoiMatKhauJDialog.txtMatKhauMoi2 is not visible
The method doiMatkhau() from the type DoiMatKhauJDialog is not visible
MsgBox cannot be resolved
DoiMatKhauJDialog cannot be resolved to a variable

at UI.ExampleTestNG.testDoiMatKhauWithIncorrectOldPassword(ExampleTestNG.java:35)
at java.base/jdk.internal.reflect.NativeMethodAccessorImpl.invoke0(Native Method)
at java.base/jdk.internal.reflect.NativeMethodAccessorImpl.invoke(NativeMethodAccessorImpl.java:77)
at java.base/jdk.internal.reflect.DelegatingMethodAccessorImpl.invoke(DelegatingMethodAccessorImpl.java:43)
at java.base/java.lang.reflect.Method.invoke(Method.java:568)
at org.testng.internal.invokers.MethodInvocationHelper.invokeMethod(MethodInvocationHelper.java:139)
at org.testng.internal.invokers.TestInvoker.invokeMethod(TestInvoker.java:677)
at org.testng.internal.invokers.TestInvoker.invokeTestMethod(TestInvoker.java:221)
at org.testng.internal.invokers.MethodRunner.runInSequence(MethodRunner.java:50)
at org.testng.internal.invokers.TestInvoker$MethodInvocationAgent.invoke(TestInvoker.java:962)
at org.testng.internal.invokers.TestInvoker.invokeTestMethods(TestInvoker.java:194)
at org.testng.internal.invokers.TestMethodWorker.invokeTestMethods(TestMethodWorker.java:148)
at org.testng.internal.invokers.TestMethodWorker.run(TestMethodWorker.java:128)
at java.base/java.util.ArrayList.forEach(ArrayList.java:1511)
at org.testng.TestRunner.privateRun(TestRunner.java:806)
at org.testng.TestRunner.run(TestRunner.java:601)
at org.testng.SuiteRunner.runTest(SuiteRunner.java:433)
at org.testng.SuiteRunner.runSequentially(SuiteRunner.java:427)
at org.testng.SuiteRunner.privateRun(SuiteRunner.java:387)
at org.testng.SuiteRunner.run(SuiteRunner.java:330)
at org.testng.SuiteRunnerWorker.runSuite(SuiteRunnerWorker.java:52)
at org.testng.SuiteRunnerWorker.run(SuiteRunnerWorker.java:95)
at org.testng.TestNG.runSuitesSequentially(TestNG.java:1256)
at org.testng.TestNG.runSuitesLocally(TestNG.java:1176)
at org.testng.TestNG.runSuites(TestNG.java:1099)
at org.testng.TestNG.run(TestNG.java:1067)
at org.testng.remote.AbstractRemoteTestNG.run(AbstractRemoteTestNG.java:115)
at org.testng.remote.RemoteTestNG.initAndRun(RemoteTestNG.java:251)
at org.testng.remote.RemoteTestNG.main(RemoteTestNG.java:77)
]]>
    </error>
  </testcase> <!-- testDoiMatKhauWithIncorrectOldPassword -->
  <system-out/>
</testsuite> <!-- UI.ExampleTestNG -->
